[5952208 ## mn014: 19623 ## 2024-02-28/20:34:44] cnodenum= 1, job-resource-list: 21605[mpemap:0x1][spemap:0x00000000000000000000000000000000000000000000000000000000000000000000000000000000FFFFFFFFFFFFFFFF]
[5952208 ## mn014: 19623 ## 2024-02-28/20:34:44] control node is: mn014.
[5952208 ## mn014: 19623 ## 2024-02-28/20:34:44] sub control node number is 1, list: mn132.
[5952208 ## vn021605: 5394 ## 2024-02-28/20:34:47] job's first task will run: /usr/bin/swrun -b 1 -K 1024 -s 15000 -j 5952208 -F 0xFFFFFFFFFFFFFFFF -i ./mpi_acc 
 nx_glob, nz_glob:         400         200
 dx,dz:    50.000000000000000        50.000000000000000     
 dt:   0.16666666666666666     
 Elapsed Time:    0.0000000000000000       /    20.000000000000000     
 Elapsed Time:   0.16666666666666666       /    20.000000000000000     
 Elapsed Time:   0.33333333333333331       /    20.000000000000000     
 Elapsed Time:   0.50000000000000000       /    20.000000000000000     
 Elapsed Time:   0.66666666666666663       /    20.000000000000000     
 Elapsed Time:   0.83333333333333326       /    20.000000000000000     
 Elapsed Time:   0.99999999999999989       /    20.000000000000000     
 Elapsed Time:    1.1666666666666665       /    20.000000000000000     
 Elapsed Time:    1.3333333333333333       /    20.000000000000000     
 Elapsed Time:    1.5000000000000000       /    20.000000000000000     
 Elapsed Time:    1.6666666666666667       /    20.000000000000000     
 Elapsed Time:    1.8333333333333335       /    20.000000000000000     
 Elapsed Time:    2.0000000000000000       /    20.000000000000000     
 Elapsed Time:    2.1666666666666665       /    20.000000000000000     
 Elapsed Time:    2.3333333333333330       /    20.000000000000000     
 Elapsed Time:    2.4999999999999996       /    20.000000000000000     
 Elapsed Time:    2.6666666666666661       /    20.000000000000000     
 Elapsed Time:    2.8333333333333326       /    20.000000000000000     
 Elapsed Time:    2.9999999999999991       /    20.000000000000000     
 Elapsed Time:    3.1666666666666656       /    20.000000000000000     
 Elapsed Time:    3.3333333333333321       /    20.000000000000000     
 Elapsed Time:    3.4999999999999987       /    20.000000000000000     
 Elapsed Time:    3.6666666666666652       /    20.000000000000000     
 Elapsed Time:    3.8333333333333317       /    20.000000000000000     
 Elapsed Time:    3.9999999999999982       /    20.000000000000000     
 Elapsed Time:    4.1666666666666652       /    20.000000000000000     
 Elapsed Time:    4.3333333333333321       /    20.000000000000000     
 Elapsed Time:    4.4999999999999991       /    20.000000000000000     
 Elapsed Time:    4.6666666666666661       /    20.000000000000000     
 Elapsed Time:    4.8333333333333330       /    20.000000000000000     
 Elapsed Time:    5.0000000000000000       /    20.000000000000000     
 Elapsed Time:    5.1666666666666670       /    20.000000000000000     
 Elapsed Time:    5.3333333333333339       /    20.000000000000000     
 Elapsed Time:    5.5000000000000009       /    20.000000000000000     
 Elapsed Time:    5.6666666666666679       /    20.000000000000000     
 Elapsed Time:    5.8333333333333348       /    20.000000000000000     
 Elapsed Time:    6.0000000000000018       /    20.000000000000000     
 Elapsed Time:    6.1666666666666687       /    20.000000000000000     
 Elapsed Time:    6.3333333333333357       /    20.000000000000000     
 Elapsed Time:    6.5000000000000027       /    20.000000000000000     
 Elapsed Time:    6.6666666666666696       /    20.000000000000000     
 Elapsed Time:    6.8333333333333366       /    20.000000000000000     
 Elapsed Time:    7.0000000000000036       /    20.000000000000000     
 Elapsed Time:    7.1666666666666705       /    20.000000000000000     
 Elapsed Time:    7.3333333333333375       /    20.000000000000000     
 Elapsed Time:    7.5000000000000044       /    20.000000000000000     
 Elapsed Time:    7.6666666666666714       /    20.000000000000000     
 Elapsed Time:    7.8333333333333384       /    20.000000000000000     
 Elapsed Time:    8.0000000000000053       /    20.000000000000000     
 Elapsed Time:    8.1666666666666714       /    20.000000000000000     
 Elapsed Time:    8.3333333333333375       /    20.000000000000000     
 Elapsed Time:    8.5000000000000036       /    20.000000000000000     
 Elapsed Time:    8.6666666666666696       /    20.000000000000000     
 Elapsed Time:    8.8333333333333357       /    20.000000000000000     
 Elapsed Time:    9.0000000000000018       /    20.000000000000000     
 Elapsed Time:    9.1666666666666679       /    20.000000000000000     
 Elapsed Time:    9.3333333333333339       /    20.000000000000000     
 Elapsed Time:    9.5000000000000000       /    20.000000000000000     
 Elapsed Time:    9.6666666666666661       /    20.000000000000000     
 Elapsed Time:    9.8333333333333321       /    20.000000000000000     
 Elapsed Time:    9.9999999999999982       /    20.000000000000000     
 Elapsed Time:    10.166666666666664       /    20.000000000000000     
 Elapsed Time:    10.333333333333330       /    20.000000000000000     
 Elapsed Time:    10.499999999999996       /    20.000000000000000     
 Elapsed Time:    10.666666666666663       /    20.000000000000000     
 Elapsed Time:    10.833333333333329       /    20.000000000000000     
 Elapsed Time:    10.999999999999995       /    20.000000000000000     
 Elapsed Time:    11.166666666666661       /    20.000000000000000     
 Elapsed Time:    11.333333333333327       /    20.000000000000000     
 Elapsed Time:    11.499999999999993       /    20.000000000000000     
 Elapsed Time:    11.666666666666659       /    20.000000000000000     
 Elapsed Time:    11.833333333333325       /    20.000000000000000     
 Elapsed Time:    11.999999999999991       /    20.000000000000000     
 Elapsed Time:    12.166666666666657       /    20.000000000000000     
 Elapsed Time:    12.333333333333323       /    20.000000000000000     
 Elapsed Time:    12.499999999999989       /    20.000000000000000     
 Elapsed Time:    12.666666666666655       /    20.000000000000000     
 Elapsed Time:    12.833333333333321       /    20.000000000000000     
 Elapsed Time:    12.999999999999988       /    20.000000000000000     
 Elapsed Time:    13.166666666666654       /    20.000000000000000     
 Elapsed Time:    13.333333333333320       /    20.000000000000000     
 Elapsed Time:    13.499999999999986       /    20.000000000000000     
 Elapsed Time:    13.666666666666652       /    20.000000000000000     
 Elapsed Time:    13.833333333333318       /    20.000000000000000     
 Elapsed Time:    13.999999999999984       /    20.000000000000000     
 Elapsed Time:    14.166666666666650       /    20.000000000000000     
 Elapsed Time:    14.333333333333316       /    20.000000000000000     
 Elapsed Time:    14.499999999999982       /    20.000000000000000     
 Elapsed Time:    14.666666666666648       /    20.000000000000000     
 Elapsed Time:    14.833333333333314       /    20.000000000000000     
 Elapsed Time:    14.999999999999980       /    20.000000000000000     
 Elapsed Time:    15.166666666666647       /    20.000000000000000     
 Elapsed Time:    15.333333333333313       /    20.000000000000000     
 Elapsed Time:    15.499999999999979       /    20.000000000000000     
 Elapsed Time:    15.666666666666645       /    20.000000000000000     
 Elapsed Time:    15.833333333333311       /    20.000000000000000     
 Elapsed Time:    15.999999999999977       /    20.000000000000000     
 Elapsed Time:    16.166666666666643       /    20.000000000000000     
 Elapsed Time:    16.333333333333311       /    20.000000000000000     
 Elapsed Time:    16.499999999999979       /    20.000000000000000     
 Elapsed Time:    16.666666666666647       /    20.000000000000000     
 Elapsed Time:    16.833333333333314       /    20.000000000000000     
 Elapsed Time:    16.999999999999982       /    20.000000000000000     
 Elapsed Time:    17.166666666666650       /    20.000000000000000     
 Elapsed Time:    17.333333333333318       /    20.000000000000000     
 Elapsed Time:    17.499999999999986       /    20.000000000000000     
 Elapsed Time:    17.666666666666654       /    20.000000000000000     
 Elapsed Time:    17.833333333333321       /    20.000000000000000     
 Elapsed Time:    17.999999999999989       /    20.000000000000000     
 Elapsed Time:    18.166666666666657       /    20.000000000000000     
 Elapsed Time:    18.333333333333325       /    20.000000000000000     
 Elapsed Time:    18.499999999999993       /    20.000000000000000     
 Elapsed Time:    18.666666666666661       /    20.000000000000000     
 Elapsed Time:    18.833333333333329       /    20.000000000000000     
 Elapsed Time:    18.999999999999996       /    20.000000000000000     
 Elapsed Time:    19.166666666666664       /    20.000000000000000     
 Elapsed Time:    19.333333333333332       /    20.000000000000000     
 Elapsed Time:    19.500000000000000       /    20.000000000000000     
 Elapsed Time:    19.666666666666668       /    20.000000000000000     
 Elapsed Time:    19.833333333333336       /    20.000000000000000     
 CPU Time:    14.224527903000000     
 d_mass:    1.7774650756304103E-013
 d_te:     -5.8268166813319273E-005
[5952208 ## mn014: 19623 ## 2024-02-28/20:35:15] job_finished. use-time: 30.263597 (secs)
